<?xml version="1.0" encoding="UTF-8"?>
<testsuites name="Pop-Up" time="77.285" tests="1" failures="0" errors="0">
   <testsuite name="Pop-Up" tests="1" failures="0" errors="0" time="77.285" skipped="0" timestamp="23-01-2025T20:26:56" hostname="maxle - 192.168.1.18" id="Test Suites/Pop-Up">
      <properties>
[...]
</properties>
      <testcase name="Test Cases/Verify Element Pop-Up Test" time="77.206" classname="Test Cases/Verify Element Pop-Up Test" status="PASSED">
         <system-out><![CDATA[23-01-2025T20:26:56 - [TEST_CASE][PASSED] - Test Cases/Verify Element Pop-Up Test: Test Cases/Verify Element Pop-Up Test

23-01-2025T20:26:57 - [TEST_STEP][PASSED] - Start listener action : enableSauceLabs: [SAUCELABS] Saucelabs Plugin will not attempt to auto update job status and information !

23-01-2025T20:26:57 - [MESSAGE][INFO] - [SAUCELABS] Current run configuration: TestCloud - Any iPhone, version=18, Tunnel=false, safari

23-01-2025T20:26:57 - [MESSAGE][INFO] - [SAUCELABS] Saucelabs Plugin will not attempt to auto update job status and information !

23-01-2025T20:26:57 - [TEST_STEP][PASSED] - startApplication("bf6a7b1c-1fef-444a-921a-31adf8c4f9fd", true): Started application: 'bf6a7b1c-1fef-444a-921a-31adf8c4f9fd'

23-01-2025T20:26:57 - [MESSAGE][INFO] - Starting application: 'bf6a7b1c-1fef-444a-921a-31adf8c4f9fd'

23-01-2025T20:27:41 - [MESSAGE][WARNING] - Unable to get appium status. Root cause (com.google.gson.stream.MalformedJsonException: Use JsonReader.setLenient(true) to accept malformed JSON at line 1 column 11 path $)

23-01-2025T20:27:44 - [MESSAGE][PASSED] - Started application: 'bf6a7b1c-1fef-444a-921a-31adf8c4f9fd'

23-01-2025T20:27:44 - [TEST_STEP][PASSED] - verifyElementText(findTestObject("Object Repository/XCUIElementTypeStaticText - Allow Arora ATLAS Mobile to use your location"), "Allow “Arora ATLAS Mobile” to use your location?"): Actual text and expected text of test object 'Object Repository/XCUIElementTypeStaticText - Allow Arora ATLAS Mobile to use your location' are matched.

23-01-2025T20:27:51 - [MESSAGE][PASSED] - Actual text and expected text of test object 'Object Repository/XCUIElementTypeStaticText - Allow Arora ATLAS Mobile to use your location' are matched.

23-01-2025T20:27:51 - [TEST_STEP][PASSED] - verifyElementText(findTestObject("Object Repository/XCUIElementTypeStaticText - When you share your location with this app, a blue location indicator will appear to view your current position on the map. This will help you to locate nearby assets of your facility"), "When you share your location with this app, a blue location indicator will appear to view your current position on the map. This will help you to locate nearby assets of your facility."): Actual text and expected text of test object 'Object Repository/XCUIElementTypeStaticText - When you share your location with this app, a blue location indicator will appear to view your current position on the map. This will help you to locate nearby assets of your facility' are matched.

23-01-2025T20:27:57 - [MESSAGE][PASSED] - Actual text and expected text of test object 'Object Repository/XCUIElementTypeStaticText - When you share your location with this app, a blue location indicator will appear to view your current position on the map. This will help you to locate nearby assets of your facility' are matched.

23-01-2025T20:27:57 - [TEST_STEP][PASSED] - verifyElementText(findTestObject("Object Repository/XCUIElementTypeButton - Dont Allow"), "Don’t Allow"): Actual text and expected text of test object 'Object Repository/XCUIElementTypeButton - Dont Allow' are matched.

23-01-2025T20:28:03 - [MESSAGE][PASSED] - Actual text and expected text of test object 'Object Repository/XCUIElementTypeButton - Dont Allow' are matched.

23-01-2025T20:28:03 - [TEST_STEP][PASSED] - tap(findTestObject("Object Repository/XCUIElementTypeButton - Dont Allow"), 0): Tapped on element 'Object Repository/XCUIElementTypeButton - Dont Allow'

23-01-2025T20:28:03 - [MESSAGE][WARNING] - Timeout '0' is invalid. Using default page load timeout: '30'

23-01-2025T20:28:09 - [MESSAGE][PASSED] - Tapped on element 'Object Repository/XCUIElementTypeButton - Dont Allow'

23-01-2025T20:28:09 - [TEST_STEP][PASSED] - closeApplication(): Close app successfully

23-01-2025T20:28:14 - [MESSAGE][PASSED] - Close app successfully

23-01-2025T20:28:14 - [TEST_STEP][PASSED] - Start listener action : autoUpdateJobStatus: [SAUCELABS] Current run configuration: TestCloud - Any iPhone, version=18, Tunnel=false, safari

23-01-2025T20:28:14 - [MESSAGE][INFO] - [SAUCELABS] Current run configuration: TestCloud - Any iPhone, version=18, Tunnel=false, safari]]></system-out>
         <system-err><![CDATA[]]></system-err>
      </testcase>
      <system-out><![CDATA[23-01-2025T20:26:56 - [TEST_SUITE][PASSED] - Pop-Up: Test Cases/Verify Element Pop-Up Test]]></system-out>
      <system-err><![CDATA[]]></system-err>
   </testsuite>
</testsuites>
